vscode-file://vscode-app/home/shadokan87/FragolaAI/resources/icon.svg:1 
        
        
       GET vscode-file://vscode-app/home/shadokan87/FragolaAI/resources/icon.svg net::ERR_FILE_NOT_FOUND
localProcessExtensionHost.ts:345 [Extension Host] STOPPED on first line for debugging on port 53802
F @ localProcessExtensionHost.ts:345
await in F
E @ localProcessExtensionHost.ts:187
start @ localProcessExtensionHost.ts:178
LCe @ extensionHostManager.ts:117
o @ instantiationService.ts:162
createInstance @ instantiationService.ts:128
vb @ abstractExtensionService.ts:794
ub @ abstractExtensionService.ts:773
tb @ abstractExtensionService.ts:759
ib @ abstractExtensionService.ts:452
(anonymous) @ nativeExtensionService.ts:139
requestIdleCallback
O7 @ async.ts:1369
xm @ dom.ts:244
(anonymous) @ nativeExtensionService.ts:138
Promise.then
Lot @ nativeExtensionService.ts:136
o @ instantiationService.ts:162
x @ instantiationService.ts:295
w @ instantiationService.ts:284
v @ instantiationService.ts:273
u @ instantiationService.ts:206
s @ instantiationService.ts:190
get @ instantiationService.ts:102
(anonymous) @ workbench.ts:134
invokeFunction @ instantiationService.ts:109
startup @ workbench.ts:129
open @ desktop.main.ts:131
await in open
NPs @ desktop.main.ts:407
(anonymous) @ workbench.ts:270
await in (anonymous)
(anonymous) @ workbench.ts:270
log.ts:419  INFO Started local extension host with pid 10991.
log.ts:419  INFO Loading development extension at /home/shadokan87/FragolaAI
webviewElement.ts:486 An iframe which has both allow-scripts and allow-same-origin for its sandbox attribute can escape its sandboxing.
mountTo @ webviewElement.ts:486
P @ overlayWebview.ts:249
claim @ overlayWebview.ts:135
mc @ webviewViewPane.ts:165
(anonymous) @ webviewViewPane.ts:96
B @ event.ts:1243
C @ event.ts:1254
fire @ event.ts:1278
setVisible @ viewPane.ts:417
(anonymous) @ viewPaneContainer.ts:691
setVisible @ viewPaneContainer.ts:691
setVisible @ panecomposite.ts:53
Eb @ compositePart.ts:281
Eb @ paneCompositePart.ts:235
Cb @ compositePart.ts:158
Bb @ compositePart.ts:122
Bc @ paneCompositePart.ts:514
openPaneComposite @ paneCompositePart.ts:494
await in openPaneComposite
openPaneComposite @ paneCompositePartService.ts:49
(anonymous) @ layout.ts:1069
await in (anonymous)
Kb @ layout.ts:1075
uc @ workbench.ts:407
(anonymous) @ workbench.ts:166
invokeFunction @ instantiationService.ts:109
startup @ workbench.ts:129
open @ desktop.main.ts:131
await in open
NPs @ desktop.main.ts:407
(anonymous) @ workbench.ts:270
await in (anonymous)
(anonymous) @ workbench.ts:270
localProcessExtensionHost.ts:275 Extension Host
localProcessExtensionHost.ts:276 Debugger attached.
log.ts:419  INFO Settings Sync: Updating due to initialize
log.ts:419  INFO Settings Sync: Updating authentication providers. Authentication Providers from store: (2) [{…}, {…}]
log.ts:419  INFO Settings Sync: Authentication providers updated []
log.ts:419  INFO Settings Sync: Updating authentication providers. Authentication Providers from store: (2) [{…}, {…}]
log.ts:419  INFO Settings Sync: Authentication providers updated ['github']
log.ts:419  INFO Settings Sync: Updating authentication providers. Authentication Providers from store: (2) [{…}, {…}]
log.ts:419  INFO Settings Sync: Authentication providers updated ['github']
log.ts:419  INFO Settings Sync: Updating authentication providers. Authentication Providers from store: (2) [{…}, {…}]
log.ts:419  INFO Settings Sync: Authentication providers updated (2) ['github', 'microsoft']
log.ts:419  INFO Settings Sync: Updating authentication providers. Authentication Providers from store: (2) [{…}, {…}]
log.ts:419  INFO Settings Sync: Authentication providers updated (2) ['github', 'microsoft']
log.ts:419  INFO Settings Sync: Updating due to declared authentication providers changed
log.ts:419  INFO Settings Sync: Updating authentication providers. Authentication Providers from store: (2) [{…}, {…}]
log.ts:419  INFO Settings Sync: Authentication providers updated (2) ['github', 'microsoft']
log.ts:419  INFO Settings Sync: Updating due to declared authentication providers changed
log.ts:419  INFO Settings Sync: Updating authentication providers. Authentication Providers from store: (2) [{…}, {…}]
log.ts:419  INFO Settings Sync: Authentication providers updated (2) ['github', 'microsoft']
console.ts:137 [Extension Host]% {BAMF_DESKTOP_FILE_HINT: '/var/lib/snapd/desktop/applications/code_code.desktop', CHROME_DESKTOP: 'code.desktop', DBUS_SESSION_BUS_ADDRESS: 'unix:path=/run/user/1000/bus', DESKTOP_SESSION: 'ubuntu', DISPLAY: ':0', …} (at console.<anonymous> (file:///snap/code/176/usr/share/code/resources/app/out/vs/workbench/api/node/extensionHostProcess.js:158:10031))
console.ts:137 [Extension Host] Congratulations, your extension "fragola-ai" is now active! (at console.<anonymous> (file:///snap/code/176/usr/share/code/resources/app/out/vs/workbench/api/node/extensionHostProcess.js:158:10031))
console.ts:137 [Extension Host] key:  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 (at console.<anonymous> (file:///snap/code/176/usr/share/code/resources/app/out/vs/workbench/api/node/extensionHostProcess.js:158:10031))
log.ts:419  INFO [perf] Render performance baseline is 102ms
console.ts:137 [Extension Host] Checking if catppuccin is installed for the first time. (at console.<anonymous> (file:///snap/code/176/usr/share/code/resources/app/out/vs/workbench/api/node/extensionHostProcess.js:158:10031))
console.ts:137 [Extension Host] Catppuccin has been installed before. (at console.<anonymous> (file:///snap/code/176/usr/share/code/resources/app/out/vs/workbench/api/node/extensionHostProcess.js:158:10031))
index-BcKSQhM5.js:63 __STATE__ {type: 'stateUpdate', data: {…}}
index-BcKSQhM5.js:63 (WritableHook) No copy method provided, using reference
(anonymous) @ index-BcKSQhM5.js:63
r @ index-BcKSQhM5.js:1
update @ index-BcKSQhM5.js:63
(anonymous) @ index-BcKSQhM5.js:63
postMessage
(anonymous) @ index.html?id=0ef6ae9a-dfb9-4754-88fd-1c00b1e8fb34&origin=81cd79b6-7472-48de-ae22-035f0651300c&swVersion=4&extensionId=undefined_publisher.fragola-ai&platform=electron&vscode-resource-base-authority=vscode-resource.vscode-cdn.net&parentOrigin=vscode-file%3A%2F%2Fvscode-app&purpose=webviewView:1229
HostMessaging.channel.port1.onmessage @ index.html?id=0ef6ae9a-dfb9-4754-88fd-1c00b1e8fb34&origin=81cd79b6-7472-48de-ae22-035f0651300c&swVersion=4&extensionId=undefined_publisher.fragola-ai&platform=electron&vscode-resource-base-authority=vscode-resource.vscode-cdn.net&parentOrigin=vscode-file%3A%2F%2Fvscode-app&purpose=webviewView:322
index-BcKSQhM5.js:63 No chat id
index-BcKSQhM5.js:63 __CHAT_ID__ <TMP>
index-BcKSQhM5.js:63 __CHAT_ID__ <TMP>
index-BcKSQhM5.js:63 
        
        
       GET https://file+.vscode-resource.vscode-cdn.net/home/shadokan87/FragolaAI/dist/workers/syntaxHighlight.worker.js 404 (Not Found)
o @ index-BcKSQhM5.js:63
(anonymous) @ index-BcKSQhM5.js:63
fr @ index-BcKSQhM5.js:1
ol @ index-BcKSQhM5.js:1
V5 @ index-BcKSQhM5.js:1
vr @ index-BcKSQhM5.js:1
$5 @ index-BcKSQhM5.js:1
postMessage
(anonymous) @ index.html?id=0ef6ae9a-dfb9-4754-88fd-1c00b1e8fb34&origin=81cd79b6-7472-48de-ae22-035f0651300c&swVersion=4&extensionId=undefined_publisher.fragola-ai&platform=electron&vscode-resource-base-authority=vscode-resource.vscode-cdn.net&parentOrigin=vscode-file%3A%2F%2Fvscode-app&purpose=webviewView:1229
HostMessaging.channel.port1.onmessage @ index.html?id=0ef6ae9a-dfb9-4754-88fd-1c00b1e8fb34&origin=81cd79b6-7472-48de-ae22-035f0651300c&swVersion=4&extensionId=undefined_publisher.fragola-ai&platform=electron&vscode-resource-base-authority=vscode-resource.vscode-cdn.net&parentOrigin=vscode-file%3A%2F%2Fvscode-app&purpose=webviewView:322
index-BcKSQhM5.js:63 ++RECEIVED THEME:  MessageEvent {isTrusted: true, data: {…}, origin: 'vscode-webview://168d3ohcgj2p5860j6i8ejo03mj7ms75gu677l1e70v3h4ia7ese', lastEventId: '', source: Window, …}
index-BcKSQhM5.js:63 Worker error: ErrorEvent {isTrusted: true, message: "Uncaught SyntaxError: Unexpected identifier 'Found'", filename: 'blob:vscode-webview://168d3ohcgj2p5860j6i8ejo03mj7…70v3h4ia7ese/ac1b2c3f-6a7c-4db3-9f97-a774221981c1', lineno: 1, colno: 5, …}
t.onerror @ index-BcKSQhM5.js:63
error
o @ index-BcKSQhM5.js:63
await in o
(anonymous) @ index-BcKSQhM5.js:63
fr @ index-BcKSQhM5.js:1
ol @ index-BcKSQhM5.js:1
V5 @ index-BcKSQhM5.js:1
vr @ index-BcKSQhM5.js:1
$5 @ index-BcKSQhM5.js:1
postMessage
(anonymous) @ index.html?id=0ef6ae9a-dfb9-4754-88fd-1c00b1e8fb34&origin=81cd79b6-7472-48de-ae22-035f0651300c&swVersion=4&extensionId=undefined_publisher.fragola-ai&platform=electron&vscode-resource-base-authority=vscode-resource.vscode-cdn.net&parentOrigin=vscode-file%3A%2F%2Fvscode-app&purpose=webviewView:1229
HostMessaging.channel.port1.onmessage @ index.html?id=0ef6ae9a-dfb9-4754-88fd-1c00b1e8fb34&origin=81cd79b6-7472-48de-ae22-035f0651300c&swVersion=4&extensionId=undefined_publisher.fragola-ai&platform=electron&vscode-resource-base-authority=vscode-resource.vscode-cdn.net&parentOrigin=vscode-file%3A%2F%2Fvscode-app&purpose=webviewView:322
ac1b2c3f-6a7c-4db3-9f97-a774221981c1:1 Uncaught SyntaxError: Unexpected identifier 'Found' (at ac1b2c3f-6a7c-4db3-9f97-a774221981c1:1:5)
